
10월 05, 2023 19:10:32.933 NEW SESSION
10월 05, 2023 19:10:32.933 INFO: Created TensorFlow Lite XNNPACK delegate for CPU.
10월 05, 2023 19:33:03.115 INFO: Created TensorFlow Lite XNNPACK delegate for CPU.
10월 05, 2023 20:06:09.664 INFO: Created TensorFlow Lite XNNPACK delegate for CPU.
10월 05, 2023 20:07:23.408 INFO: Created TensorFlow Lite XNNPACK delegate for CPU.
10월 05, 2023 20:40:34.38 INFO: Created TensorFlow Lite XNNPACK delegate for CPU.
10월 05, 2023 21:06:27.684 INFO: Created TensorFlow Lite XNNPACK delegate for CPU.
10월 05, 2023 21:38:55.467 [2216:10608:1005/213855.467:ERROR:sharing_service.cc(250)] Device un-registration failed with fatal error
10월 05, 2023 21:40:37.435 INFO: Created TensorFlow Lite XNNPACK delegate for CPU.
10월 05, 2023 21:47:45.425 INFO: Created TensorFlow Lite XNNPACK delegate for CPU.

10월 06, 2023 16:34:34.860 NEW SESSION
10월 06, 2023 16:34:34.860 INFO: Created TensorFlow Lite XNNPACK delegate for CPU.
10월 06, 2023 17:02:34.983 INFO: Created TensorFlow Lite XNNPACK delegate for CPU.
10월 06, 2023 19:06:28.451 [8000:8384:1006/190628.451:ERROR:interface_endpoint_client.cc(702)] Message 1 rejected by interface blink.mojom.WidgetHost
10월 06, 2023 19:06:28.451 [8000:8384:1006/190628.451:ERROR:interface_endpoint_client.cc(702)] Message 5 rejected by interface blink.mojom.WidgetHost
10월 06, 2023 19:33:07.734 INFO: Created TensorFlow Lite XNNPACK delegate for CPU.
10월 06, 2023 19:33:32.998 INFO: Created TensorFlow Lite XNNPACK delegate for CPU.
10월 06, 2023 19:34:09.141 INFO: Created TensorFlow Lite XNNPACK delegate for CPU.
10월 06, 2023 19:34:52.250 INFO: Created TensorFlow Lite XNNPACK delegate for CPU.
10월 06, 2023 19:37:37.272 INFO: Created TensorFlow Lite XNNPACK delegate for CPU.
10월 06, 2023 19:38:19.413 INFO: Created TensorFlow Lite XNNPACK delegate for CPU.
10월 06, 2023 19:38:47.593 INFO: Created TensorFlow Lite XNNPACK delegate for CPU.
10월 06, 2023 19:41:52.593 INFO: Created TensorFlow Lite XNNPACK delegate for CPU.
10월 06, 2023 19:43:17.298 INFO: Created TensorFlow Lite XNNPACK delegate for CPU.
10월 06, 2023 19:43:29.463 INFO: Created TensorFlow Lite XNNPACK delegate for CPU.
10월 06, 2023 20:11:53.244 INFO: Created TensorFlow Lite XNNPACK delegate for CPU.
10월 06, 2023 20:22:17.635 INFO: Created TensorFlow Lite XNNPACK delegate for CPU.
10월 06, 2023 20:29:53.815 INFO: Created TensorFlow Lite XNNPACK delegate for CPU.
10월 06, 2023 20:33:43.827 INFO: Created TensorFlow Lite XNNPACK delegate for CPU.
10월 06, 2023 21:38:48.195 INFO: Created TensorFlow Lite XNNPACK delegate for CPU.

10월 10, 2023 15:48:48.168 NEW SESSION
10월 10, 2023 15:48:48.168 INFO: Created TensorFlow Lite XNNPACK delegate for CPU.
10월 10, 2023 16:17:13.935 INFO: Created TensorFlow Lite XNNPACK delegate for CPU.
10월 10, 2023 16:20:54.917 INFO: Created TensorFlow Lite XNNPACK delegate for CPU.
10월 10, 2023 17:35:08.298 INFO: Created TensorFlow Lite XNNPACK delegate for CPU.
10월 10, 2023 17:38:03.624 INFO: Created TensorFlow Lite XNNPACK delegate for CPU.
10월 10, 2023 17:49:13.223 INFO: Created TensorFlow Lite XNNPACK delegate for CPU.
10월 10, 2023 18:11:32.756 INFO: Created TensorFlow Lite XNNPACK delegate for CPU.
10월 10, 2023 18:13:45.502 INFO: Created TensorFlow Lite XNNPACK delegate for CPU.
10월 10, 2023 19:11:42.630 [9964:10748:1010/191142.630:ERROR:interface_endpoint_client.cc(702)] Message 0 rejected by interface blink.mojom.WidgetHost
10월 10, 2023 19:11:45.16 [9964:5192:1010/191145.016:ERROR:cert_verify_proc_builtin.cc(701)] CertVerifyProcBuiltin for event.realclick.co.kr failed:
10월 10, 2023 19:11:45.16 ----- Certificate i=0 (CN=*.realclick.co.kr) -----
10월 10, 2023 19:11:45.16 ERROR: Time is after notAfter
10월 10, 2023 19:11:45.16 
10월 10, 2023 19:11:45.16 
10월 10, 2023 19:37:58.330 [9964:10748:1010/193758.329:ERROR:interface_endpoint_client.cc(702)] Message 1 rejected by interface blink.mojom.WidgetHost
10월 10, 2023 19:37:58.330 [9964:10748:1010/193758.329:ERROR:interface_endpoint_client.cc(702)] Message 1 rejected by interface blink.mojom.WidgetHost
10월 10, 2023 20:10:02.800 INFO: Created TensorFlow Lite XNNPACK delegate for CPU.
10월 10, 2023 20:43:39.254 INFO: Created TensorFlow Lite XNNPACK delegate for CPU.
